<?xml version="1.0" encoding="UTF-8"?>
<!-- Generated by org.testng.reporters.JUnitReportReporter -->
<testsuite hostname="areva-VirtualBox" name="storm.starter.tools.RankingsTest" tests="60" failures="0" timestamp="16 Oct 2014 22:49:04 GMT" time="0.090" errors="0">
  <testcase name="shouldCorrectlyRankWhenUpdatedWithRankables" time="0.000" classname="storm.starter.tools.RankingsTest"/>
  <testcase name="shouldRemoveZeroCounts" time="0.000" classname="storm.starter.tools.RankingsTest"/>
  <testcase name="shouldCorrectlyRankWhenEmptyAndUpdatedWithOtherRankings" time="0.001" classname="storm.starter.tools.RankingsTest"/>
  <testcase name="constructorWithPositiveTopNShouldBeOk" time="0.000" classname="storm.starter.tools.RankingsTest"/>
  <testcase name="copyShouldReturnDefensiveCopy" time="0.000" classname="storm.starter.tools.RankingsTest"/>
  <testcase name="copyShouldReturnCopy" time="0.000" classname="storm.starter.tools.RankingsTest"/>
  <testcase name="shouldCorrectlyRankWhenUpdatedWithEmptyOtherRankings" time="0.000" classname="storm.starter.tools.RankingsTest"/>
  <testcase name="copyConstructorShouldReturnDefensiveCopy" time="0.000" classname="storm.starter.tools.RankingsTest"/>
  <testcase name="shouldCorrectlyRankWhenEmptyAndUpdatedWithOtherRankings" time="0.000" classname="storm.starter.tools.RankingsTest"/>
  <testcase name="copyShouldReturnDefensiveCopy" time="0.001" classname="storm.starter.tools.RankingsTest"/>
  <testcase name="copyShouldReturnDefensiveCopy" time="0.000" classname="storm.starter.tools.RankingsTest"/>
  <testcase name="sizeOfRankingsShouldNotGrowBeyondTopN" time="0.001" classname="storm.starter.tools.RankingsTest"/>
  <testcase name="copyConstructorShouldReturnDefensiveCopy" time="0.000" classname="storm.starter.tools.RankingsTest"/>
  <testcase name="defaultConstructorShouldSetPositiveTopN" time="0.000" classname="storm.starter.tools.RankingsTest"/>
  <testcase name="shouldCorrectlyRankWhenNotEmptyAndUpdatedWithOtherRankings" time="0.001" classname="storm.starter.tools.RankingsTest"/>
  <testcase name="shouldCorrectlyRankWhenUpdatedWithRankables" time="0.000" classname="storm.starter.tools.RankingsTest"/>
  <testcase name="shouldCorrectlyRankWhenUpdatedWithEmptyOtherRankings" time="0.000" classname="storm.starter.tools.RankingsTest"/>
  <testcase name="copyShouldReturnCopy" time="0.000" classname="storm.starter.tools.RankingsTest"/>
  <testcase name="shouldCorrectlyRankWhenUpdatedWithEmptyOtherRankings" time="0.001" classname="storm.starter.tools.RankingsTest"/>
  <testcase name="constructorWithNegativeOrZeroTopNShouldThrowIAE" time="0.000" classname="storm.starter.tools.RankingsTest"/>
  <testcase name="copyConstructorShouldReturnCopy" time="0.000" classname="storm.starter.tools.RankingsTest"/>
  <testcase name="copyConstructorShouldReturnCopy" time="0.000" classname="storm.starter.tools.RankingsTest"/>
  <testcase name="shouldCorrectlyRankWhenNotEmptyAndUpdatedWithOtherRankings" time="0.000" classname="storm.starter.tools.RankingsTest"/>
  <testcase name="shouldHaveDefaultConstructor" time="0.001" classname="storm.starter.tools.RankingsTest"/>
  <testcase name="shouldRemoveZeroCounts" time="0.000" classname="storm.starter.tools.RankingsTest"/>
  <testcase name="shouldCorrectlyRankWhenEmptyAndUpdatedWithOtherRankings" time="0.000" classname="storm.starter.tools.RankingsTest"/>
  <testcase name="copyShouldReturnDefensiveCopy" time="0.000" classname="storm.starter.tools.RankingsTest"/>
  <testcase name="copyConstructorShouldReturnCopy" time="0.001" classname="storm.starter.tools.RankingsTest"/>
  <testcase name="constructorWithNegativeOrZeroTopNShouldThrowIAE" time="0.000" classname="storm.starter.tools.RankingsTest"/>
  <testcase name="copyShouldReturnDefensiveCopy" time="0.000" classname="storm.starter.tools.RankingsTest"/>
  <testcase name="shouldNotRankDuplicateObjectsMoreThanOnce" time="0.000" classname="storm.starter.tools.RankingsTest"/>
  <testcase name="copyConstructorShouldReturnCopy" time="0.000" classname="storm.starter.tools.RankingsTest"/>
  <testcase name="shouldCorrectlyRankWhenEmptyAndUpdatedWithOtherRankings" time="0.001" classname="storm.starter.tools.RankingsTest"/>
  <testcase name="copyShouldReturnCopy" time="0.000" classname="storm.starter.tools.RankingsTest"/>
  <testcase name="updatingWithNewRankablesShouldBeThreadSafe" time="0.071" classname="storm.starter.tools.RankingsTest"/>
  <testcase name="constructorWithPositiveTopNShouldBeOk" time="0.001" classname="storm.starter.tools.RankingsTest"/>
  <testcase name="shouldCorrectlyRankWhenUpdatedWithRankables" time="0.000" classname="storm.starter.tools.RankingsTest"/>
  <testcase name="constructorWithPositiveTopNShouldBeOk" time="0.000" classname="storm.starter.tools.RankingsTest"/>
  <testcase name="copyConstructorShouldReturnCopy" time="0.000" classname="storm.starter.tools.RankingsTest"/>
  <testcase name="shouldRemoveZeroCounts" time="0.000" classname="storm.starter.tools.RankingsTest"/>
  <testcase name="shouldCorrectlyRankWhenNotEmptyAndUpdatedWithOtherRankings" time="0.001" classname="storm.starter.tools.RankingsTest"/>
  <testcase name="copyConstructorShouldReturnDefensiveCopy" time="0.000" classname="storm.starter.tools.RankingsTest"/>
  <testcase name="constructorWithNegativeOrZeroTopNShouldThrowIAE" time="0.000" classname="storm.starter.tools.RankingsTest"/>
  <testcase name="copyShouldReturnCopy" time="0.001" classname="storm.starter.tools.RankingsTest"/>
  <testcase name="shouldRemoveZeroCounts" time="0.001" classname="storm.starter.tools.RankingsTest"/>
  <testcase name="copyConstructorShouldReturnDefensiveCopy" time="0.000" classname="storm.starter.tools.RankingsTest"/>
  <testcase name="shouldRemoveZeroCounts" time="0.001" classname="storm.starter.tools.RankingsTest"/>
  <testcase name="copyConstructorShouldReturnDefensiveCopy" time="0.001" classname="storm.starter.tools.RankingsTest"/>
  <testcase name="sizeOfRankingsShouldNotGrowBeyondTopN" time="0.003" classname="storm.starter.tools.RankingsTest"/>
  <testcase name="copyShouldReturnCopy" time="0.000" classname="storm.starter.tools.RankingsTest"/>
  <testcase name="constructorWithPositiveTopNShouldBeOk" time="0.000" classname="storm.starter.tools.RankingsTest"/>
  <testcase name="shouldRemoveZeroCounts" time="0.000" classname="storm.starter.tools.RankingsTest"/>
  <testcase name="shouldCorrectlyRankWhenUpdatedWithRankables" time="0.000" classname="storm.starter.tools.RankingsTest"/>
  <testcase name="copyConstructorShouldReturnDefensiveCopy" time="0.001" classname="storm.starter.tools.RankingsTest"/>
  <testcase name="shouldRemoveZeroCounts" time="0.000" classname="storm.starter.tools.RankingsTest"/>
  <testcase name="shouldCorrectlyRankWhenUpdatedWithEmptyOtherRankings" time="0.000" classname="storm.starter.tools.RankingsTest"/>
  <testcase name="shouldNotRankDuplicateObjectsMoreThanOnce" time="0.000" classname="storm.starter.tools.RankingsTest"/>
  <testcase name="constructorWithNegativeOrZeroTopNShouldThrowIAE" time="0.001" classname="storm.starter.tools.RankingsTest"/>
  <testcase name="copyShouldReturnDefensiveCopy" time="0.000" classname="storm.starter.tools.RankingsTest"/>
  <testcase name="shouldCorrectlyRankWhenNotEmptyAndUpdatedWithOtherRankings" time="0.000" classname="storm.starter.tools.RankingsTest"/>
</testsuite> <!-- storm.starter.tools.RankingsTest -->
